{"C:\\Users\\jU\\Documents\\GitHub\\skilled-thermostat-debugger\\utils.js": {"path":"C:\\Users\\jU\\Documents\\GitHub\\skilled-thermostat-debugger\\utils.js","statementMap":{"0":{"start":{"line":1,"column":26},"end":{"line":11,"column":1}},"1":{"start":{"line":2,"column":2},"end":{"line":10,"column":3}},"2":{"start":{"line":3,"column":4},"end":{"line":5,"column":57}},"3":{"start":{"line":7,"column":4},"end":{"line":9,"column":33}},"4":{"start":{"line":13,"column":19},"end":{"line":20,"column":1}},"5":{"start":{"line":14,"column":2},"end":{"line":19,"column":3}},"6":{"start":{"line":15,"column":20},"end":{"line":15,"column":66}},"7":{"start":{"line":16,"column":4},"end":{"line":18,"column":65}},"8":{"start":{"line":23,"column":21},"end":{"line":23,"column":53}},"9":{"start":{"line":24,"column":17},"end":{"line":24,"column":49}},"10":{"start":{"line":25,"column":2},"end":{"line":25,"column":27}},"11":{"start":{"line":26,"column":2},"end":{"line":26,"column":33}},"12":{"start":{"line":28,"column":2},"end":{"line":30,"column":3}},"13":{"start":{"line":29,"column":4},"end":{"line":29,"column":35}},"14":{"start":{"line":33,"column":31},"end":{"line":45,"column":1}},"15":{"start":{"line":34,"column":22},"end":{"line":34,"column":24}},"16":{"start":{"line":35,"column":25},"end":{"line":35,"column":52}},"17":{"start":{"line":36,"column":16},"end":{"line":36,"column":50}},"18":{"start":{"line":38,"column":18},"end":{"line":38,"column":41}},"19":{"start":{"line":39,"column":17},"end":{"line":39,"column":20}},"20":{"start":{"line":41,"column":21},"end":{"line":41,"column":47}},"21":{"start":{"line":42,"column":21},"end":{"line":42,"column":47}},"22":{"start":{"line":44,"column":2},"end":{"line":44,"column":36}},"23":{"start":{"line":47,"column":26},"end":{"line":53,"column":1}},"24":{"start":{"line":48,"column":19},"end":{"line":48,"column":51}},"25":{"start":{"line":49,"column":19},"end":{"line":49,"column":51}},"26":{"start":{"line":50,"column":2},"end":{"line":52,"column":3}},"27":{"start":{"line":51,"column":4},"end":{"line":51,"column":95}},"28":{"start":{"line":56,"column":14},"end":{"line":56,"column":26}},"29":{"start":{"line":57,"column":2},"end":{"line":65,"column":4}},"30":{"start":{"line":59,"column":6},"end":{"line":59,"column":21}},"31":{"start":{"line":60,"column":6},"end":{"line":60,"column":19}},"32":{"start":{"line":63,"column":6},"end":{"line":63,"column":19}},"33":{"start":{"line":69,"column":2},"end":{"line":71,"column":3}},"34":{"start":{"line":70,"column":4},"end":{"line":70,"column":63}},"35":{"start":{"line":72,"column":2},"end":{"line":74,"column":3}},"36":{"start":{"line":73,"column":4},"end":{"line":73,"column":65}},"37":{"start":{"line":75,"column":2},"end":{"line":82,"column":3}},"38":{"start":{"line":76,"column":4},"end":{"line":76,"column":77}},"39":{"start":{"line":77,"column":9},"end":{"line":82,"column":3}},"40":{"start":{"line":78,"column":4},"end":{"line":81,"column":6}},"41":{"start":{"line":83,"column":2},"end":{"line":85,"column":3}},"42":{"start":{"line":84,"column":4},"end":{"line":84,"column":72}},"43":{"start":{"line":86,"column":2},"end":{"line":88,"column":3}},"44":{"start":{"line":87,"column":4},"end":{"line":87,"column":72}},"45":{"start":{"line":90,"column":2},"end":{"line":90,"column":72}},"46":{"start":{"line":94,"column":23},"end":{"line":94,"column":65}},"47":{"start":{"line":95,"column":2},"end":{"line":103,"column":3}},"48":{"start":{"line":96,"column":4},"end":{"line":102,"column":5}},"49":{"start":{"line":97,"column":6},"end":{"line":97,"column":46}},"50":{"start":{"line":98,"column":6},"end":{"line":98,"column":44}},"51":{"start":{"line":100,"column":6},"end":{"line":100,"column":43}},"52":{"start":{"line":101,"column":6},"end":{"line":101,"column":47}},"53":{"start":{"line":107,"column":2},"end":{"line":139,"column":5}},"54":{"start":{"line":108,"column":22},"end":{"line":108,"column":58}},"55":{"start":{"line":109,"column":22},"end":{"line":109,"column":58}},"56":{"start":{"line":110,"column":22},"end":{"line":110,"column":54}},"57":{"start":{"line":112,"column":4},"end":{"line":138,"column":5}},"58":{"start":{"line":114,"column":6},"end":{"line":117,"column":7}},"59":{"start":{"line":115,"column":8},"end":{"line":115,"column":42}},"60":{"start":{"line":116,"column":8},"end":{"line":116,"column":69}},"61":{"start":{"line":119,"column":6},"end":{"line":122,"column":7}},"62":{"start":{"line":120,"column":8},"end":{"line":120,"column":42}},"63":{"start":{"line":121,"column":8},"end":{"line":121,"column":69}},"64":{"start":{"line":125,"column":23},"end":{"line":125,"column":71}},"65":{"start":{"line":125,"column":44},"end":{"line":125,"column":70}},"66":{"start":{"line":127,"column":6},"end":{"line":130,"column":7}},"67":{"start":{"line":128,"column":8},"end":{"line":128,"column":41}},"68":{"start":{"line":129,"column":8},"end":{"line":129,"column":48}},"69":{"start":{"line":132,"column":6},"end":{"line":135,"column":7}},"70":{"start":{"line":133,"column":8},"end":{"line":133,"column":41}},"71":{"start":{"line":134,"column":8},"end":{"line":134,"column":48}},"72":{"start":{"line":136,"column":6},"end":{"line":136,"column":27}},"73":{"start":{"line":137,"column":6},"end":{"line":137,"column":27}},"74":{"start":{"line":143,"column":20},"end":{"line":143,"column":57}},"75":{"start":{"line":144,"column":17},"end":{"line":144,"column":53}},"76":{"start":{"line":145,"column":2},"end":{"line":147,"column":5}},"77":{"start":{"line":146,"column":4},"end":{"line":146,"column":50}},"78":{"start":{"line":150,"column":0},"end":{"line":161,"column":2}}},"fnMap":{"0":{"name":"(anonymous_0)","decl":{"start":{"line":1,"column":26},"end":{"line":1,"column":27}},"loc":{"start":{"line":1,"column":63},"end":{"line":11,"column":1}},"line":1},"1":{"name":"(anonymous_1)","decl":{"start":{"line":13,"column":19},"end":{"line":13,"column":20}},"loc":{"start":{"line":13,"column":55},"end":{"line":20,"column":1}},"line":13},"2":{"name":"addOption","decl":{"start":{"line":22,"column":9},"end":{"line":22,"column":18}},"loc":{"start":{"line":22,"column":25},"end":{"line":31,"column":1}},"line":22},"3":{"name":"(anonymous_3)","decl":{"start":{"line":33,"column":31},"end":{"line":33,"column":32}},"loc":{"start":{"line":33,"column":45},"end":{"line":45,"column":1}},"line":33},"4":{"name":"(anonymous_4)","decl":{"start":{"line":47,"column":26},"end":{"line":47,"column":27}},"loc":{"start":{"line":47,"column":40},"end":{"line":53,"column":1}},"line":47},"5":{"name":"stateOfElement","decl":{"start":{"line":55,"column":9},"end":{"line":55,"column":23}},"loc":{"start":{"line":55,"column":46},"end":{"line":66,"column":1}},"line":55},"6":{"name":"(anonymous_6)","decl":{"start":{"line":58,"column":12},"end":{"line":58,"column":13}},"loc":{"start":{"line":58,"column":24},"end":{"line":61,"column":5}},"line":58},"7":{"name":"(anonymous_7)","decl":{"start":{"line":62,"column":9},"end":{"line":62,"column":10}},"loc":{"start":{"line":62,"column":21},"end":{"line":64,"column":5}},"line":62},"8":{"name":"validateForm","decl":{"start":{"line":68,"column":9},"end":{"line":68,"column":21}},"loc":{"start":{"line":68,"column":39},"end":{"line":91,"column":1}},"line":68},"9":{"name":"showHideModal","decl":{"start":{"line":93,"column":9},"end":{"line":93,"column":22}},"loc":{"start":{"line":93,"column":39},"end":{"line":104,"column":1}},"line":93},"10":{"name":"addListenerToSaveButton","decl":{"start":{"line":106,"column":9},"end":{"line":106,"column":32}},"loc":{"start":{"line":106,"column":54},"end":{"line":140,"column":1}},"line":106},"11":{"name":"(anonymous_11)","decl":{"start":{"line":107,"column":61},"end":{"line":107,"column":62}},"loc":{"start":{"line":107,"column":67},"end":{"line":139,"column":3}},"line":107},"12":{"name":"(anonymous_12)","decl":{"start":{"line":125,"column":34},"end":{"line":125,"column":35}},"loc":{"start":{"line":125,"column":44},"end":{"line":125,"column":70}},"line":125},"13":{"name":"addListenerToFileInput","decl":{"start":{"line":142,"column":9},"end":{"line":142,"column":31}},"loc":{"start":{"line":142,"column":34},"end":{"line":148,"column":1}},"line":142},"14":{"name":"(anonymous_14)","decl":{"start":{"line":145,"column":40},"end":{"line":145,"column":41}},"loc":{"start":{"line":145,"column":47},"end":{"line":147,"column":3}},"line":145}},"branchMap":{"0":{"loc":{"start":{"line":2,"column":2},"end":{"line":10,"column":3}},"type":"if","locations":[{"start":{"line":2,"column":2},"end":{"line":10,"column":3}},{"start":{},"end":{}}],"line":2},"1":{"loc":{"start":{"line":8,"column":6},"end":{"line":8,"column":56}},"type":"cond-expr","locations":[{"start":{"line":8,"column":31},"end":{"line":8,"column":42}},{"start":{"line":8,"column":45},"end":{"line":8,"column":56}}],"line":8},"2":{"loc":{"start":{"line":14,"column":2},"end":{"line":19,"column":3}},"type":"if","locations":[{"start":{"line":14,"column":2},"end":{"line":19,"column":3}},{"start":{},"end":{}}],"line":14},"3":{"loc":{"start":{"line":15,"column":20},"end":{"line":15,"column":66}},"type":"cond-expr","locations":[{"start":{"line":15,"column":41},"end":{"line":15,"column":52}},{"start":{"line":15,"column":55},"end":{"line":15,"column":66}}],"line":15},"4":{"loc":{"start":{"line":28,"column":2},"end":{"line":30,"column":3}},"type":"if","locations":[{"start":{"line":28,"column":2},"end":{"line":30,"column":3}},{"start":{},"end":{}}],"line":28},"5":{"loc":{"start":{"line":50,"column":2},"end":{"line":52,"column":3}},"type":"if","locations":[{"start":{"line":50,"column":2},"end":{"line":52,"column":3}},{"start":{},"end":{}}],"line":50},"6":{"loc":{"start":{"line":55,"column":24},"end":{"line":55,"column":44}},"type":"default-arg","locations":[{"start":{"line":55,"column":39},"end":{"line":55,"column":44}}],"line":55},"7":{"loc":{"start":{"line":69,"column":2},"end":{"line":71,"column":3}},"type":"if","locations":[{"start":{"line":69,"column":2},"end":{"line":71,"column":3}},{"start":{},"end":{}}],"line":69},"8":{"loc":{"start":{"line":72,"column":2},"end":{"line":74,"column":3}},"type":"if","locations":[{"start":{"line":72,"column":2},"end":{"line":74,"column":3}},{"start":{},"end":{}}],"line":72},"9":{"loc":{"start":{"line":75,"column":2},"end":{"line":82,"column":3}},"type":"if","locations":[{"start":{"line":75,"column":2},"end":{"line":82,"column":3}},{"start":{"line":77,"column":9},"end":{"line":82,"column":3}}],"line":75},"10":{"loc":{"start":{"line":77,"column":9},"end":{"line":82,"column":3}},"type":"if","locations":[{"start":{"line":77,"column":9},"end":{"line":82,"column":3}},{"start":{},"end":{}}],"line":77},"11":{"loc":{"start":{"line":77,"column":13},"end":{"line":77,"column":75}},"type":"binary-expr","locations":[{"start":{"line":77,"column":13},"end":{"line":77,"column":42}},{"start":{"line":77,"column":46},"end":{"line":77,"column":75}}],"line":77},"12":{"loc":{"start":{"line":83,"column":2},"end":{"line":85,"column":3}},"type":"if","locations":[{"start":{"line":83,"column":2},"end":{"line":85,"column":3}},{"start":{},"end":{}}],"line":83},"13":{"loc":{"start":{"line":86,"column":2},"end":{"line":88,"column":3}},"type":"if","locations":[{"start":{"line":86,"column":2},"end":{"line":88,"column":3}},{"start":{},"end":{}}],"line":86},"14":{"loc":{"start":{"line":95,"column":2},"end":{"line":103,"column":3}},"type":"if","locations":[{"start":{"line":95,"column":2},"end":{"line":103,"column":3}},{"start":{},"end":{}}],"line":95},"15":{"loc":{"start":{"line":96,"column":4},"end":{"line":102,"column":5}},"type":"if","locations":[{"start":{"line":96,"column":4},"end":{"line":102,"column":5}},{"start":{"line":99,"column":11},"end":{"line":102,"column":5}}],"line":96},"16":{"loc":{"start":{"line":112,"column":4},"end":{"line":138,"column":5}},"type":"if","locations":[{"start":{"line":112,"column":4},"end":{"line":138,"column":5}},{"start":{},"end":{}}],"line":112},"17":{"loc":{"start":{"line":112,"column":8},"end":{"line":112,"column":42}},"type":"binary-expr","locations":[{"start":{"line":112,"column":8},"end":{"line":112,"column":23}},{"start":{"line":112,"column":27},"end":{"line":112,"column":42}}],"line":112},"18":{"loc":{"start":{"line":114,"column":6},"end":{"line":117,"column":7}},"type":"if","locations":[{"start":{"line":114,"column":6},"end":{"line":117,"column":7}},{"start":{},"end":{}}],"line":114},"19":{"loc":{"start":{"line":114,"column":10},"end":{"line":114,"column":54}},"type":"binary-expr","locations":[{"start":{"line":114,"column":10},"end":{"line":114,"column":30}},{"start":{"line":114,"column":34},"end":{"line":114,"column":54}}],"line":114},"20":{"loc":{"start":{"line":119,"column":6},"end":{"line":122,"column":7}},"type":"if","locations":[{"start":{"line":119,"column":6},"end":{"line":122,"column":7}},{"start":{},"end":{}}],"line":119},"21":{"loc":{"start":{"line":119,"column":10},"end":{"line":119,"column":54}},"type":"binary-expr","locations":[{"start":{"line":119,"column":10},"end":{"line":119,"column":30}},{"start":{"line":119,"column":34},"end":{"line":119,"column":54}}],"line":119},"22":{"loc":{"start":{"line":127,"column":6},"end":{"line":130,"column":7}},"type":"if","locations":[{"start":{"line":127,"column":6},"end":{"line":130,"column":7}},{"start":{},"end":{}}],"line":127},"23":{"loc":{"start":{"line":127,"column":10},"end":{"line":127,"column":71}},"type":"binary-expr","locations":[{"start":{"line":127,"column":10},"end":{"line":127,"column":39}},{"start":{"line":127,"column":43},"end":{"line":127,"column":71}}],"line":127},"24":{"loc":{"start":{"line":132,"column":6},"end":{"line":135,"column":7}},"type":"if","locations":[{"start":{"line":132,"column":6},"end":{"line":135,"column":7}},{"start":{},"end":{}}],"line":132},"25":{"loc":{"start":{"line":132,"column":10},"end":{"line":132,"column":56}},"type":"binary-expr","locations":[{"start":{"line":132,"column":10},"end":{"line":132,"column":31}},{"start":{"line":132,"column":35},"end":{"line":132,"column":56}}],"line":132}},"s":{"0":1,"1":1,"2":1,"3":1,"4":1,"5":0,"6":0,"7":0,"8":1,"9":1,"10":1,"11":1,"12":1,"13":1,"14":1,"15":2,"16":2,"17":2,"18":2,"19":2,"20":2,"21":2,"22":2,"23":1,"24":1,"25":1,"26":1,"27":1,"28":1,"29":1,"30":1,"31":1,"32":1,"33":2,"34":1,"35":1,"36":0,"37":1,"38":0,"39":1,"40":0,"41":1,"42":0,"43":1,"44":0,"45":1,"46":2,"47":2,"48":2,"49":1,"50":1,"51":1,"52":1,"53":2,"54":2,"55":2,"56":2,"57":2,"58":2,"59":1,"60":1,"61":2,"62":0,"63":0,"64":2,"65":2,"66":2,"67":0,"68":0,"69":2,"70":2,"71":2,"72":2,"73":2,"74":1,"75":1,"76":1,"77":1,"78":1},"f":{"0":1,"1":0,"2":1,"3":2,"4":1,"5":1,"6":1,"7":1,"8":2,"9":2,"10":2,"11":2,"12":2,"13":1,"14":1},"b":{"0":[1,0],"1":[0,1],"2":[0,0],"3":[0,0],"4":[1,0],"5":[1,0],"6":[0],"7":[1,1],"8":[0,1],"9":[0,1],"10":[0,1],"11":[1,1],"12":[0,1],"13":[0,1],"14":[2,0],"15":[1,1],"16":[2,0],"17":[2,2],"18":[1,1],"19":[2,1],"20":[0,2],"21":[2,2],"22":[0,2],"23":[2,1],"24":[2,0],"25":[2,2]},"_coverageSchema":"1a1c01bbd47fc00a2c39e90264f33305004495a9","hash":"86b6ad2efc7668d170992a825e798fde06484f64"}
}
