{"C:\\Users\\jU\\Documents\\GitHub\\skilled-thermostat-debugger\\main.js": {"path":"C:\\Users\\jU\\Documents\\GitHub\\skilled-thermostat-debugger\\main.js","statementMap":{"0":{"start":{"line":2,"column":14},"end":{"line":143,"column":1}},"1":{"start":{"line":14,"column":6},"end":{"line":14,"column":27}},"2":{"start":{"line":18,"column":6},"end":{"line":18,"column":32}},"3":{"start":{"line":22,"column":6},"end":{"line":22,"column":32}},"4":{"start":{"line":26,"column":6},"end":{"line":26,"column":22}},"5":{"start":{"line":30,"column":6},"end":{"line":30,"column":22}},"6":{"start":{"line":33,"column":6},"end":{"line":35,"column":41}},"7":{"start":{"line":49,"column":6},"end":{"line":49,"column":27}},"8":{"start":{"line":53,"column":6},"end":{"line":53,"column":32}},"9":{"start":{"line":57,"column":6},"end":{"line":57,"column":32}},"10":{"start":{"line":61,"column":6},"end":{"line":61,"column":22}},"11":{"start":{"line":65,"column":6},"end":{"line":65,"column":22}},"12":{"start":{"line":68,"column":6},"end":{"line":70,"column":41}},"13":{"start":{"line":84,"column":6},"end":{"line":84,"column":27}},"14":{"start":{"line":88,"column":6},"end":{"line":88,"column":32}},"15":{"start":{"line":92,"column":6},"end":{"line":92,"column":32}},"16":{"start":{"line":96,"column":6},"end":{"line":96,"column":22}},"17":{"start":{"line":100,"column":6},"end":{"line":100,"column":22}},"18":{"start":{"line":103,"column":6},"end":{"line":105,"column":41}},"19":{"start":{"line":119,"column":6},"end":{"line":119,"column":27}},"20":{"start":{"line":123,"column":6},"end":{"line":123,"column":32}},"21":{"start":{"line":127,"column":6},"end":{"line":127,"column":32}},"22":{"start":{"line":131,"column":6},"end":{"line":131,"column":22}},"23":{"start":{"line":135,"column":6},"end":{"line":135,"column":22}},"24":{"start":{"line":138,"column":6},"end":{"line":140,"column":41}},"25":{"start":{"line":145,"column":20},"end":{"line":149,"column":4}},"26":{"start":{"line":151,"column":20},"end":{"line":151,"column":99}},"27":{"start":{"line":153,"column":26},"end":{"line":163,"column":1}},"28":{"start":{"line":154,"column":2},"end":{"line":162,"column":3}},"29":{"start":{"line":155,"column":4},"end":{"line":157,"column":57}},"30":{"start":{"line":159,"column":4},"end":{"line":161,"column":33}},"31":{"start":{"line":165,"column":19},"end":{"line":171,"column":1}},"32":{"start":{"line":166,"column":2},"end":{"line":170,"column":3}},"33":{"start":{"line":167,"column":4},"end":{"line":169,"column":29}},"34":{"start":{"line":174,"column":17},"end":{"line":174,"column":49}},"35":{"start":{"line":175,"column":20},"end":{"line":175,"column":22}},"36":{"start":{"line":176,"column":31},"end":{"line":187,"column":1}},"37":{"start":{"line":177,"column":25},"end":{"line":177,"column":52}},"38":{"start":{"line":178,"column":16},"end":{"line":178,"column":50}},"39":{"start":{"line":180,"column":18},"end":{"line":180,"column":41}},"40":{"start":{"line":181,"column":17},"end":{"line":181,"column":20}},"41":{"start":{"line":183,"column":21},"end":{"line":183,"column":47}},"42":{"start":{"line":184,"column":21},"end":{"line":184,"column":47}},"43":{"start":{"line":186,"column":2},"end":{"line":186,"column":36}},"44":{"start":{"line":189,"column":26},"end":{"line":194,"column":1}},"45":{"start":{"line":190,"column":19},"end":{"line":190,"column":51}},"46":{"start":{"line":191,"column":2},"end":{"line":193,"column":3}},"47":{"start":{"line":192,"column":4},"end":{"line":192,"column":95}},"48":{"start":{"line":197,"column":19},"end":{"line":197,"column":51}},"49":{"start":{"line":199,"column":20},"end":{"line":199,"column":51}},"50":{"start":{"line":201,"column":19},"end":{"line":201,"column":32}},"51":{"start":{"line":204,"column":0},"end":{"line":206,"column":1}},"52":{"start":{"line":205,"column":2},"end":{"line":205,"column":52}},"53":{"start":{"line":208,"column":0},"end":{"line":208,"column":20}},"54":{"start":{"line":210,"column":0},"end":{"line":212,"column":1}},"55":{"start":{"line":211,"column":2},"end":{"line":211,"column":77}},"56":{"start":{"line":216,"column":17},"end":{"line":216,"column":49}},"57":{"start":{"line":217,"column":2},"end":{"line":217,"column":27}},"58":{"start":{"line":218,"column":2},"end":{"line":218,"column":33}},"59":{"start":{"line":219,"column":2},"end":{"line":221,"column":3}},"60":{"start":{"line":220,"column":4},"end":{"line":220,"column":35}},"61":{"start":{"line":223,"column":0},"end":{"line":225,"column":3}},"62":{"start":{"line":224,"column":2},"end":{"line":224,"column":18}},"63":{"start":{"line":229,"column":24},"end":{"line":245,"column":1}},"64":{"start":{"line":230,"column":15},"end":{"line":230,"column":71}},"65":{"start":{"line":230,"column":40},"end":{"line":230,"column":70}},"66":{"start":{"line":231,"column":2},"end":{"line":231,"column":35}},"67":{"start":{"line":234,"column":2},"end":{"line":236,"column":3}},"68":{"start":{"line":235,"column":4},"end":{"line":235,"column":50}},"69":{"start":{"line":239,"column":2},"end":{"line":239,"column":19}},"70":{"start":{"line":242,"column":2},"end":{"line":242,"column":64}},"71":{"start":{"line":244,"column":2},"end":{"line":244,"column":73}},"72":{"start":{"line":247,"column":0},"end":{"line":251,"column":3}},"73":{"start":{"line":248,"column":2},"end":{"line":248,"column":28}},"74":{"start":{"line":250,"column":2},"end":{"line":250,"column":32}},"75":{"start":{"line":254,"column":24},"end":{"line":254,"column":67}},"76":{"start":{"line":255,"column":0},"end":{"line":264,"column":3}},"77":{"start":{"line":256,"column":15},"end":{"line":256,"column":71}},"78":{"start":{"line":256,"column":40},"end":{"line":256,"column":70}},"79":{"start":{"line":257,"column":2},"end":{"line":263,"column":3}},"80":{"start":{"line":258,"column":4},"end":{"line":258,"column":38}},"81":{"start":{"line":259,"column":4},"end":{"line":259,"column":34}},"82":{"start":{"line":261,"column":4},"end":{"line":261,"column":38}},"83":{"start":{"line":262,"column":4},"end":{"line":262,"column":34}},"84":{"start":{"line":267,"column":0},"end":{"line":285,"column":3}},"85":{"start":{"line":268,"column":15},"end":{"line":268,"column":71}},"86":{"start":{"line":268,"column":40},"end":{"line":268,"column":70}},"87":{"start":{"line":271,"column":2},"end":{"line":273,"column":3}},"88":{"start":{"line":272,"column":4},"end":{"line":272,"column":24}},"89":{"start":{"line":274,"column":2},"end":{"line":274,"column":35}},"90":{"start":{"line":275,"column":2},"end":{"line":275,"column":48}},"91":{"start":{"line":277,"column":2},"end":{"line":277,"column":18}},"92":{"start":{"line":279,"column":2},"end":{"line":279,"column":19}},"93":{"start":{"line":281,"column":2},"end":{"line":281,"column":44}},"94":{"start":{"line":282,"column":2},"end":{"line":282,"column":44}},"95":{"start":{"line":284,"column":2},"end":{"line":284,"column":73}},"96":{"start":{"line":287,"column":0},"end":{"line":306,"column":3}},"97":{"start":{"line":288,"column":15},"end":{"line":288,"column":71}},"98":{"start":{"line":288,"column":40},"end":{"line":288,"column":70}},"99":{"start":{"line":291,"column":2},"end":{"line":293,"column":3}},"100":{"start":{"line":292,"column":4},"end":{"line":292,"column":24}},"101":{"start":{"line":295,"column":2},"end":{"line":295,"column":35}},"102":{"start":{"line":296,"column":2},"end":{"line":296,"column":48}},"103":{"start":{"line":298,"column":2},"end":{"line":298,"column":18}},"104":{"start":{"line":300,"column":2},"end":{"line":300,"column":19}},"105":{"start":{"line":302,"column":2},"end":{"line":302,"column":44}},"106":{"start":{"line":303,"column":2},"end":{"line":303,"column":44}},"107":{"start":{"line":305,"column":2},"end":{"line":305,"column":73}},"108":{"start":{"line":308,"column":16},"end":{"line":308,"column":47}},"109":{"start":{"line":309,"column":16},"end":{"line":309,"column":47}},"110":{"start":{"line":311,"column":18},"end":{"line":311,"column":51}},"111":{"start":{"line":313,"column":0},"end":{"line":317,"column":3}},"112":{"start":{"line":314,"column":2},"end":{"line":316,"column":3}},"113":{"start":{"line":315,"column":4},"end":{"line":315,"column":41}},"114":{"start":{"line":320,"column":0},"end":{"line":322,"column":3}},"115":{"start":{"line":321,"column":2},"end":{"line":321,"column":36}},"116":{"start":{"line":325,"column":0},"end":{"line":358,"column":3}},"117":{"start":{"line":326,"column":20},"end":{"line":326,"column":56}},"118":{"start":{"line":327,"column":20},"end":{"line":327,"column":56}},"119":{"start":{"line":328,"column":20},"end":{"line":328,"column":52}},"120":{"start":{"line":330,"column":2},"end":{"line":357,"column":3}},"121":{"start":{"line":332,"column":4},"end":{"line":335,"column":5}},"122":{"start":{"line":333,"column":6},"end":{"line":333,"column":40}},"123":{"start":{"line":334,"column":6},"end":{"line":334,"column":67}},"124":{"start":{"line":337,"column":4},"end":{"line":340,"column":5}},"125":{"start":{"line":338,"column":6},"end":{"line":338,"column":40}},"126":{"start":{"line":339,"column":6},"end":{"line":339,"column":67}},"127":{"start":{"line":344,"column":21},"end":{"line":344,"column":69}},"128":{"start":{"line":344,"column":42},"end":{"line":344,"column":68}},"129":{"start":{"line":346,"column":4},"end":{"line":349,"column":5}},"130":{"start":{"line":347,"column":6},"end":{"line":347,"column":39}},"131":{"start":{"line":348,"column":6},"end":{"line":348,"column":46}},"132":{"start":{"line":351,"column":4},"end":{"line":354,"column":5}},"133":{"start":{"line":352,"column":6},"end":{"line":352,"column":39}},"134":{"start":{"line":353,"column":6},"end":{"line":353,"column":46}},"135":{"start":{"line":355,"column":4},"end":{"line":355,"column":25}},"136":{"start":{"line":356,"column":4},"end":{"line":356,"column":25}},"137":{"start":{"line":363,"column":18},"end":{"line":363,"column":55}},"138":{"start":{"line":364,"column":15},"end":{"line":364,"column":51}},"139":{"start":{"line":365,"column":0},"end":{"line":367,"column":3}},"140":{"start":{"line":366,"column":2},"end":{"line":366,"column":48}},"141":{"start":{"line":371,"column":14},"end":{"line":371,"column":26}},"142":{"start":{"line":372,"column":2},"end":{"line":380,"column":4}},"143":{"start":{"line":374,"column":6},"end":{"line":374,"column":21}},"144":{"start":{"line":375,"column":6},"end":{"line":375,"column":19}},"145":{"start":{"line":378,"column":6},"end":{"line":378,"column":19}},"146":{"start":{"line":383,"column":19},"end":{"line":383,"column":40}},"147":{"start":{"line":384,"column":21},"end":{"line":384,"column":63}},"148":{"start":{"line":387,"column":0},"end":{"line":394,"column":3}},"149":{"start":{"line":388,"column":25},"end":{"line":388,"column":44}},"150":{"start":{"line":390,"column":2},"end":{"line":393,"column":3}},"151":{"start":{"line":391,"column":4},"end":{"line":391,"column":44}},"152":{"start":{"line":392,"column":4},"end":{"line":392,"column":42}},"153":{"start":{"line":397,"column":0},"end":{"line":403,"column":3}},"154":{"start":{"line":398,"column":25},"end":{"line":398,"column":44}},"155":{"start":{"line":399,"column":2},"end":{"line":402,"column":3}},"156":{"start":{"line":400,"column":4},"end":{"line":400,"column":41}},"157":{"start":{"line":401,"column":4},"end":{"line":401,"column":45}},"158":{"start":{"line":406,"column":0},"end":{"line":412,"column":3}},"159":{"start":{"line":407,"column":25},"end":{"line":407,"column":44}},"160":{"start":{"line":408,"column":2},"end":{"line":411,"column":3}},"161":{"start":{"line":409,"column":4},"end":{"line":409,"column":41}},"162":{"start":{"line":410,"column":4},"end":{"line":410,"column":45}},"163":{"start":{"line":414,"column":0},"end":{"line":416,"column":3}},"164":{"start":{"line":415,"column":2},"end":{"line":415,"column":22}},"165":{"start":{"line":420,"column":2},"end":{"line":422,"column":3}},"166":{"start":{"line":421,"column":4},"end":{"line":421,"column":63}},"167":{"start":{"line":423,"column":2},"end":{"line":425,"column":3}},"168":{"start":{"line":424,"column":4},"end":{"line":424,"column":65}},"169":{"start":{"line":426,"column":2},"end":{"line":433,"column":3}},"170":{"start":{"line":427,"column":4},"end":{"line":427,"column":77}},"171":{"start":{"line":428,"column":9},"end":{"line":433,"column":3}},"172":{"start":{"line":429,"column":4},"end":{"line":432,"column":6}},"173":{"start":{"line":434,"column":2},"end":{"line":436,"column":3}},"174":{"start":{"line":435,"column":4},"end":{"line":435,"column":72}},"175":{"start":{"line":437,"column":2},"end":{"line":439,"column":3}},"176":{"start":{"line":438,"column":4},"end":{"line":438,"column":72}},"177":{"start":{"line":441,"column":2},"end":{"line":441,"column":72}},"178":{"start":{"line":445,"column":0},"end":{"line":495,"column":3}},"179":{"start":{"line":446,"column":2},"end":{"line":446,"column":21}},"180":{"start":{"line":447,"column":15},"end":{"line":447,"column":23}},"181":{"start":{"line":449,"column":18},"end":{"line":485,"column":3}},"182":{"start":{"line":462,"column":6},"end":{"line":462,"column":27}},"183":{"start":{"line":466,"column":6},"end":{"line":466,"column":32}},"184":{"start":{"line":470,"column":6},"end":{"line":470,"column":32}},"185":{"start":{"line":474,"column":6},"end":{"line":474,"column":22}},"186":{"start":{"line":478,"column":6},"end":{"line":478,"column":22}},"187":{"start":{"line":481,"column":6},"end":{"line":483,"column":41}},"188":{"start":{"line":487,"column":31},"end":{"line":487,"column":52}},"189":{"start":{"line":488,"column":2},"end":{"line":493,"column":3}},"190":{"start":{"line":489,"column":4},"end":{"line":489,"column":24}},"191":{"start":{"line":490,"column":4},"end":{"line":490,"column":70}},"192":{"start":{"line":491,"column":4},"end":{"line":491,"column":67}},"193":{"start":{"line":492,"column":4},"end":{"line":492,"column":23}},"194":{"start":{"line":494,"column":2},"end":{"line":494,"column":65}},"195":{"start":{"line":500,"column":24},"end":{"line":500,"column":40}},"196":{"start":{"line":503,"column":22},"end":{"line":554,"column":1}},"197":{"start":{"line":504,"column":32},"end":{"line":504,"column":72}},"198":{"start":{"line":505,"column":18},"end":{"line":505,"column":20}},"199":{"start":{"line":507,"column":2},"end":{"line":528,"column":5}},"200":{"start":{"line":508,"column":4},"end":{"line":527,"column":6}},"201":{"start":{"line":530,"column":2},"end":{"line":532,"column":3}},"202":{"start":{"line":531,"column":4},"end":{"line":531,"column":48}},"203":{"start":{"line":535,"column":2},"end":{"line":553,"column":3}},"204":{"start":{"line":536,"column":19},"end":{"line":536,"column":40}},"205":{"start":{"line":537,"column":22},"end":{"line":537,"column":51}},"206":{"start":{"line":538,"column":18},"end":{"line":538,"column":50}},"207":{"start":{"line":539,"column":4},"end":{"line":539,"column":62}},"208":{"start":{"line":540,"column":4},"end":{"line":540,"column":39}},"209":{"start":{"line":541,"column":4},"end":{"line":541,"column":43}},"210":{"start":{"line":543,"column":4},"end":{"line":543,"column":33}},"211":{"start":{"line":544,"column":4},"end":{"line":544,"column":68}},"212":{"start":{"line":546,"column":4},"end":{"line":552,"column":7}},"213":{"start":{"line":547,"column":6},"end":{"line":549,"column":9}},"214":{"start":{"line":548,"column":8},"end":{"line":548,"column":28}},"215":{"start":{"line":550,"column":6},"end":{"line":550,"column":42}},"216":{"start":{"line":551,"column":6},"end":{"line":551,"column":22}},"217":{"start":{"line":555,"column":20},"end":{"line":596,"column":1}},"218":{"start":{"line":556,"column":2},"end":{"line":595,"column":4}},"219":{"start":{"line":598,"column":0},"end":{"line":598,"column":16}},"220":{"start":{"line":600,"column":0},"end":{"line":612,"column":3}},"221":{"start":{"line":601,"column":2},"end":{"line":607,"column":3}},"222":{"start":{"line":602,"column":17},"end":{"line":604,"column":5}},"223":{"start":{"line":603,"column":16},"end":{"line":603,"column":63}},"224":{"start":{"line":605,"column":4},"end":{"line":605,"column":24}},"225":{"start":{"line":606,"column":4},"end":{"line":606,"column":20}},"226":{"start":{"line":609,"column":2},"end":{"line":611,"column":3}},"227":{"start":{"line":610,"column":4},"end":{"line":610,"column":55}},"228":{"start":{"line":613,"column":0},"end":{"line":618,"column":2}}},"fnMap":{"0":{"name":"(anonymous_0)","decl":{"start":{"line":13,"column":4},"end":{"line":13,"column":5}},"loc":{"start":{"line":13,"column":22},"end":{"line":15,"column":5}},"line":13},"1":{"name":"(anonymous_1)","decl":{"start":{"line":17,"column":4},"end":{"line":17,"column":5}},"loc":{"start":{"line":17,"column":27},"end":{"line":19,"column":5}},"line":17},"2":{"name":"(anonymous_2)","decl":{"start":{"line":21,"column":4},"end":{"line":21,"column":5}},"loc":{"start":{"line":21,"column":27},"end":{"line":23,"column":5}},"line":21},"3":{"name":"(anonymous_3)","decl":{"start":{"line":25,"column":4},"end":{"line":25,"column":5}},"loc":{"start":{"line":25,"column":19},"end":{"line":27,"column":5}},"line":25},"4":{"name":"(anonymous_4)","decl":{"start":{"line":29,"column":4},"end":{"line":29,"column":5}},"loc":{"start":{"line":29,"column":19},"end":{"line":31,"column":5}},"line":29},"5":{"name":"(anonymous_5)","decl":{"start":{"line":32,"column":4},"end":{"line":32,"column":5}},"loc":{"start":{"line":32,"column":19},"end":{"line":36,"column":5}},"line":32},"6":{"name":"(anonymous_6)","decl":{"start":{"line":48,"column":4},"end":{"line":48,"column":5}},"loc":{"start":{"line":48,"column":22},"end":{"line":50,"column":5}},"line":48},"7":{"name":"(anonymous_7)","decl":{"start":{"line":52,"column":4},"end":{"line":52,"column":5}},"loc":{"start":{"line":52,"column":27},"end":{"line":54,"column":5}},"line":52},"8":{"name":"(anonymous_8)","decl":{"start":{"line":56,"column":4},"end":{"line":56,"column":5}},"loc":{"start":{"line":56,"column":27},"end":{"line":58,"column":5}},"line":56},"9":{"name":"(anonymous_9)","decl":{"start":{"line":60,"column":4},"end":{"line":60,"column":5}},"loc":{"start":{"line":60,"column":19},"end":{"line":62,"column":5}},"line":60},"10":{"name":"(anonymous_10)","decl":{"start":{"line":64,"column":4},"end":{"line":64,"column":5}},"loc":{"start":{"line":64,"column":19},"end":{"line":66,"column":5}},"line":64},"11":{"name":"(anonymous_11)","decl":{"start":{"line":67,"column":4},"end":{"line":67,"column":5}},"loc":{"start":{"line":67,"column":19},"end":{"line":71,"column":5}},"line":67},"12":{"name":"(anonymous_12)","decl":{"start":{"line":83,"column":4},"end":{"line":83,"column":5}},"loc":{"start":{"line":83,"column":22},"end":{"line":85,"column":5}},"line":83},"13":{"name":"(anonymous_13)","decl":{"start":{"line":87,"column":4},"end":{"line":87,"column":5}},"loc":{"start":{"line":87,"column":27},"end":{"line":89,"column":5}},"line":87},"14":{"name":"(anonymous_14)","decl":{"start":{"line":91,"column":4},"end":{"line":91,"column":5}},"loc":{"start":{"line":91,"column":27},"end":{"line":93,"column":5}},"line":91},"15":{"name":"(anonymous_15)","decl":{"start":{"line":95,"column":4},"end":{"line":95,"column":5}},"loc":{"start":{"line":95,"column":19},"end":{"line":97,"column":5}},"line":95},"16":{"name":"(anonymous_16)","decl":{"start":{"line":99,"column":4},"end":{"line":99,"column":5}},"loc":{"start":{"line":99,"column":19},"end":{"line":101,"column":5}},"line":99},"17":{"name":"(anonymous_17)","decl":{"start":{"line":102,"column":4},"end":{"line":102,"column":5}},"loc":{"start":{"line":102,"column":19},"end":{"line":106,"column":5}},"line":102},"18":{"name":"(anonymous_18)","decl":{"start":{"line":118,"column":4},"end":{"line":118,"column":5}},"loc":{"start":{"line":118,"column":22},"end":{"line":120,"column":5}},"line":118},"19":{"name":"(anonymous_19)","decl":{"start":{"line":122,"column":4},"end":{"line":122,"column":5}},"loc":{"start":{"line":122,"column":27},"end":{"line":124,"column":5}},"line":122},"20":{"name":"(anonymous_20)","decl":{"start":{"line":126,"column":4},"end":{"line":126,"column":5}},"loc":{"start":{"line":126,"column":27},"end":{"line":128,"column":5}},"line":126},"21":{"name":"(anonymous_21)","decl":{"start":{"line":130,"column":4},"end":{"line":130,"column":5}},"loc":{"start":{"line":130,"column":19},"end":{"line":132,"column":5}},"line":130},"22":{"name":"(anonymous_22)","decl":{"start":{"line":134,"column":4},"end":{"line":134,"column":5}},"loc":{"start":{"line":134,"column":19},"end":{"line":136,"column":5}},"line":134},"23":{"name":"(anonymous_23)","decl":{"start":{"line":137,"column":4},"end":{"line":137,"column":5}},"loc":{"start":{"line":137,"column":19},"end":{"line":141,"column":5}},"line":137},"24":{"name":"(anonymous_24)","decl":{"start":{"line":153,"column":26},"end":{"line":153,"column":27}},"loc":{"start":{"line":153,"column":32},"end":{"line":163,"column":1}},"line":153},"25":{"name":"(anonymous_25)","decl":{"start":{"line":165,"column":19},"end":{"line":165,"column":20}},"loc":{"start":{"line":165,"column":29},"end":{"line":171,"column":1}},"line":165},"26":{"name":"(anonymous_26)","decl":{"start":{"line":176,"column":31},"end":{"line":176,"column":32}},"loc":{"start":{"line":176,"column":45},"end":{"line":187,"column":1}},"line":176},"27":{"name":"(anonymous_27)","decl":{"start":{"line":189,"column":26},"end":{"line":189,"column":27}},"loc":{"start":{"line":189,"column":40},"end":{"line":194,"column":1}},"line":189},"28":{"name":"addOption","decl":{"start":{"line":215,"column":9},"end":{"line":215,"column":18}},"loc":{"start":{"line":215,"column":25},"end":{"line":222,"column":1}},"line":215},"29":{"name":"(anonymous_29)","decl":{"start":{"line":223,"column":14},"end":{"line":223,"column":15}},"loc":{"start":{"line":223,"column":24},"end":{"line":225,"column":1}},"line":223},"30":{"name":"(anonymous_30)","decl":{"start":{"line":229,"column":24},"end":{"line":229,"column":25}},"loc":{"start":{"line":229,"column":42},"end":{"line":245,"column":1}},"line":229},"31":{"name":"(anonymous_31)","decl":{"start":{"line":230,"column":26},"end":{"line":230,"column":27}},"loc":{"start":{"line":230,"column":40},"end":{"line":230,"column":70}},"line":230},"32":{"name":"(anonymous_32)","decl":{"start":{"line":247,"column":39},"end":{"line":247,"column":40}},"loc":{"start":{"line":247,"column":51},"end":{"line":251,"column":1}},"line":247},"33":{"name":"(anonymous_33)","decl":{"start":{"line":255,"column":43},"end":{"line":255,"column":44}},"loc":{"start":{"line":255,"column":56},"end":{"line":264,"column":1}},"line":255},"34":{"name":"(anonymous_34)","decl":{"start":{"line":256,"column":26},"end":{"line":256,"column":27}},"loc":{"start":{"line":256,"column":40},"end":{"line":256,"column":70}},"line":256},"35":{"name":"(anonymous_35)","decl":{"start":{"line":267,"column":63},"end":{"line":267,"column":64}},"loc":{"start":{"line":267,"column":69},"end":{"line":285,"column":1}},"line":267},"36":{"name":"(anonymous_36)","decl":{"start":{"line":268,"column":26},"end":{"line":268,"column":27}},"loc":{"start":{"line":268,"column":40},"end":{"line":268,"column":70}},"line":268},"37":{"name":"(anonymous_37)","decl":{"start":{"line":287,"column":61},"end":{"line":287,"column":62}},"loc":{"start":{"line":287,"column":67},"end":{"line":306,"column":1}},"line":287},"38":{"name":"(anonymous_38)","decl":{"start":{"line":288,"column":26},"end":{"line":288,"column":27}},"loc":{"start":{"line":288,"column":40},"end":{"line":288,"column":70}},"line":288},"39":{"name":"(anonymous_39)","decl":{"start":{"line":313,"column":64},"end":{"line":313,"column":65}},"loc":{"start":{"line":313,"column":70},"end":{"line":317,"column":1}},"line":313},"40":{"name":"(anonymous_40)","decl":{"start":{"line":320,"column":60},"end":{"line":320,"column":61}},"loc":{"start":{"line":320,"column":66},"end":{"line":322,"column":1}},"line":320},"41":{"name":"(anonymous_41)","decl":{"start":{"line":325,"column":59},"end":{"line":325,"column":60}},"loc":{"start":{"line":325,"column":65},"end":{"line":358,"column":1}},"line":325},"42":{"name":"(anonymous_42)","decl":{"start":{"line":344,"column":32},"end":{"line":344,"column":33}},"loc":{"start":{"line":344,"column":42},"end":{"line":344,"column":68}},"line":344},"43":{"name":"(anonymous_43)","decl":{"start":{"line":365,"column":38},"end":{"line":365,"column":39}},"loc":{"start":{"line":365,"column":45},"end":{"line":367,"column":1}},"line":365},"44":{"name":"stateOfElement","decl":{"start":{"line":370,"column":9},"end":{"line":370,"column":23}},"loc":{"start":{"line":370,"column":46},"end":{"line":381,"column":1}},"line":370},"45":{"name":"(anonymous_45)","decl":{"start":{"line":373,"column":12},"end":{"line":373,"column":13}},"loc":{"start":{"line":373,"column":24},"end":{"line":376,"column":5}},"line":373},"46":{"name":"(anonymous_46)","decl":{"start":{"line":377,"column":9},"end":{"line":377,"column":10}},"loc":{"start":{"line":377,"column":21},"end":{"line":379,"column":5}},"line":377},"47":{"name":"(anonymous_47)","decl":{"start":{"line":387,"column":65},"end":{"line":387,"column":66}},"loc":{"start":{"line":387,"column":71},"end":{"line":394,"column":1}},"line":387},"48":{"name":"(anonymous_48)","decl":{"start":{"line":397,"column":66},"end":{"line":397,"column":67}},"loc":{"start":{"line":397,"column":72},"end":{"line":403,"column":1}},"line":397},"49":{"name":"(anonymous_49)","decl":{"start":{"line":406,"column":40},"end":{"line":406,"column":41}},"loc":{"start":{"line":406,"column":46},"end":{"line":412,"column":1}},"line":406},"50":{"name":"(anonymous_50)","decl":{"start":{"line":414,"column":60},"end":{"line":414,"column":61}},"loc":{"start":{"line":414,"column":67},"end":{"line":416,"column":1}},"line":414},"51":{"name":"validateForm","decl":{"start":{"line":419,"column":9},"end":{"line":419,"column":21}},"loc":{"start":{"line":419,"column":39},"end":{"line":442,"column":1}},"line":419},"52":{"name":"(anonymous_52)","decl":{"start":{"line":445,"column":69},"end":{"line":445,"column":70}},"loc":{"start":{"line":445,"column":76},"end":{"line":495,"column":1}},"line":445},"53":{"name":"(anonymous_53)","decl":{"start":{"line":461,"column":4},"end":{"line":461,"column":5}},"loc":{"start":{"line":461,"column":22},"end":{"line":463,"column":5}},"line":461},"54":{"name":"(anonymous_54)","decl":{"start":{"line":465,"column":4},"end":{"line":465,"column":5}},"loc":{"start":{"line":465,"column":27},"end":{"line":467,"column":5}},"line":465},"55":{"name":"(anonymous_55)","decl":{"start":{"line":469,"column":4},"end":{"line":469,"column":5}},"loc":{"start":{"line":469,"column":27},"end":{"line":471,"column":5}},"line":469},"56":{"name":"(anonymous_56)","decl":{"start":{"line":473,"column":4},"end":{"line":473,"column":5}},"loc":{"start":{"line":473,"column":19},"end":{"line":475,"column":5}},"line":473},"57":{"name":"(anonymous_57)","decl":{"start":{"line":477,"column":4},"end":{"line":477,"column":5}},"loc":{"start":{"line":477,"column":19},"end":{"line":479,"column":5}},"line":477},"58":{"name":"(anonymous_58)","decl":{"start":{"line":480,"column":4},"end":{"line":480,"column":5}},"loc":{"start":{"line":480,"column":19},"end":{"line":484,"column":5}},"line":480},"59":{"name":"(anonymous_59)","decl":{"start":{"line":503,"column":22},"end":{"line":503,"column":23}},"loc":{"start":{"line":503,"column":28},"end":{"line":554,"column":1}},"line":503},"60":{"name":"(anonymous_60)","decl":{"start":{"line":507,"column":16},"end":{"line":507,"column":17}},"loc":{"start":{"line":507,"column":26},"end":{"line":528,"column":3}},"line":507},"61":{"name":"(anonymous_61)","decl":{"start":{"line":546,"column":36},"end":{"line":546,"column":37}},"loc":{"start":{"line":546,"column":42},"end":{"line":552,"column":5}},"line":546},"62":{"name":"(anonymous_62)","decl":{"start":{"line":547,"column":20},"end":{"line":547,"column":21}},"loc":{"start":{"line":547,"column":30},"end":{"line":549,"column":7}},"line":547},"63":{"name":"(anonymous_63)","decl":{"start":{"line":555,"column":20},"end":{"line":555,"column":21}},"loc":{"start":{"line":555,"column":30},"end":{"line":596,"column":1}},"line":555},"64":{"name":"(anonymous_64)","decl":{"start":{"line":600,"column":68},"end":{"line":600,"column":69}},"loc":{"start":{"line":600,"column":75},"end":{"line":612,"column":1}},"line":600},"65":{"name":"(anonymous_65)","decl":{"start":{"line":603,"column":6},"end":{"line":603,"column":7}},"loc":{"start":{"line":603,"column":16},"end":{"line":603,"column":63}},"line":603}},"branchMap":{"0":{"loc":{"start":{"line":33,"column":6},"end":{"line":35,"column":40}},"type":"cond-expr","locations":[{"start":{"line":34,"column":11},"end":{"line":34,"column":40}},{"start":{"line":35,"column":11},"end":{"line":35,"column":39}}],"line":33},"1":{"loc":{"start":{"line":68,"column":6},"end":{"line":70,"column":40}},"type":"cond-expr","locations":[{"start":{"line":69,"column":11},"end":{"line":69,"column":40}},{"start":{"line":70,"column":11},"end":{"line":70,"column":39}}],"line":68},"2":{"loc":{"start":{"line":103,"column":6},"end":{"line":105,"column":40}},"type":"cond-expr","locations":[{"start":{"line":104,"column":11},"end":{"line":104,"column":40}},{"start":{"line":105,"column":11},"end":{"line":105,"column":39}}],"line":103},"3":{"loc":{"start":{"line":138,"column":6},"end":{"line":140,"column":40}},"type":"cond-expr","locations":[{"start":{"line":139,"column":11},"end":{"line":139,"column":40}},{"start":{"line":140,"column":11},"end":{"line":140,"column":39}}],"line":138},"4":{"loc":{"start":{"line":154,"column":2},"end":{"line":162,"column":3}},"type":"if","locations":[{"start":{"line":154,"column":2},"end":{"line":162,"column":3}},{"start":{},"end":{}}],"line":154},"5":{"loc":{"start":{"line":160,"column":6},"end":{"line":160,"column":56}},"type":"cond-expr","locations":[{"start":{"line":160,"column":31},"end":{"line":160,"column":42}},{"start":{"line":160,"column":45},"end":{"line":160,"column":56}}],"line":160},"6":{"loc":{"start":{"line":166,"column":2},"end":{"line":170,"column":3}},"type":"if","locations":[{"start":{"line":166,"column":2},"end":{"line":170,"column":3}},{"start":{},"end":{}}],"line":166},"7":{"loc":{"start":{"line":168,"column":6},"end":{"line":168,"column":52}},"type":"cond-expr","locations":[{"start":{"line":168,"column":27},"end":{"line":168,"column":38}},{"start":{"line":168,"column":41},"end":{"line":168,"column":52}}],"line":168},"8":{"loc":{"start":{"line":191,"column":2},"end":{"line":193,"column":3}},"type":"if","locations":[{"start":{"line":191,"column":2},"end":{"line":193,"column":3}},{"start":{},"end":{}}],"line":191},"9":{"loc":{"start":{"line":204,"column":0},"end":{"line":206,"column":1}},"type":"if","locations":[{"start":{"line":204,"column":0},"end":{"line":206,"column":1}},{"start":{},"end":{}}],"line":204},"10":{"loc":{"start":{"line":210,"column":0},"end":{"line":212,"column":1}},"type":"if","locations":[{"start":{"line":210,"column":0},"end":{"line":212,"column":1}},{"start":{},"end":{}}],"line":210},"11":{"loc":{"start":{"line":219,"column":2},"end":{"line":221,"column":3}},"type":"if","locations":[{"start":{"line":219,"column":2},"end":{"line":221,"column":3}},{"start":{},"end":{}}],"line":219},"12":{"loc":{"start":{"line":234,"column":2},"end":{"line":236,"column":3}},"type":"if","locations":[{"start":{"line":234,"column":2},"end":{"line":236,"column":3}},{"start":{},"end":{}}],"line":234},"13":{"loc":{"start":{"line":257,"column":2},"end":{"line":263,"column":3}},"type":"if","locations":[{"start":{"line":257,"column":2},"end":{"line":263,"column":3}},{"start":{"line":260,"column":9},"end":{"line":263,"column":3}}],"line":257},"14":{"loc":{"start":{"line":271,"column":2},"end":{"line":273,"column":3}},"type":"if","locations":[{"start":{"line":271,"column":2},"end":{"line":273,"column":3}},{"start":{},"end":{}}],"line":271},"15":{"loc":{"start":{"line":291,"column":2},"end":{"line":293,"column":3}},"type":"if","locations":[{"start":{"line":291,"column":2},"end":{"line":293,"column":3}},{"start":{},"end":{}}],"line":291},"16":{"loc":{"start":{"line":314,"column":2},"end":{"line":316,"column":3}},"type":"if","locations":[{"start":{"line":314,"column":2},"end":{"line":316,"column":3}},{"start":{},"end":{}}],"line":314},"17":{"loc":{"start":{"line":330,"column":2},"end":{"line":357,"column":3}},"type":"if","locations":[{"start":{"line":330,"column":2},"end":{"line":357,"column":3}},{"start":{},"end":{}}],"line":330},"18":{"loc":{"start":{"line":330,"column":6},"end":{"line":330,"column":40}},"type":"binary-expr","locations":[{"start":{"line":330,"column":6},"end":{"line":330,"column":21}},{"start":{"line":330,"column":25},"end":{"line":330,"column":40}}],"line":330},"19":{"loc":{"start":{"line":332,"column":4},"end":{"line":335,"column":5}},"type":"if","locations":[{"start":{"line":332,"column":4},"end":{"line":335,"column":5}},{"start":{},"end":{}}],"line":332},"20":{"loc":{"start":{"line":332,"column":8},"end":{"line":332,"column":52}},"type":"binary-expr","locations":[{"start":{"line":332,"column":8},"end":{"line":332,"column":28}},{"start":{"line":332,"column":32},"end":{"line":332,"column":52}}],"line":332},"21":{"loc":{"start":{"line":337,"column":4},"end":{"line":340,"column":5}},"type":"if","locations":[{"start":{"line":337,"column":4},"end":{"line":340,"column":5}},{"start":{},"end":{}}],"line":337},"22":{"loc":{"start":{"line":337,"column":8},"end":{"line":337,"column":52}},"type":"binary-expr","locations":[{"start":{"line":337,"column":8},"end":{"line":337,"column":28}},{"start":{"line":337,"column":32},"end":{"line":337,"column":52}}],"line":337},"23":{"loc":{"start":{"line":346,"column":4},"end":{"line":349,"column":5}},"type":"if","locations":[{"start":{"line":346,"column":4},"end":{"line":349,"column":5}},{"start":{},"end":{}}],"line":346},"24":{"loc":{"start":{"line":346,"column":8},"end":{"line":346,"column":69}},"type":"binary-expr","locations":[{"start":{"line":346,"column":8},"end":{"line":346,"column":37}},{"start":{"line":346,"column":41},"end":{"line":346,"column":69}}],"line":346},"25":{"loc":{"start":{"line":351,"column":4},"end":{"line":354,"column":5}},"type":"if","locations":[{"start":{"line":351,"column":4},"end":{"line":354,"column":5}},{"start":{},"end":{}}],"line":351},"26":{"loc":{"start":{"line":351,"column":8},"end":{"line":351,"column":54}},"type":"binary-expr","locations":[{"start":{"line":351,"column":8},"end":{"line":351,"column":29}},{"start":{"line":351,"column":33},"end":{"line":351,"column":54}}],"line":351},"27":{"loc":{"start":{"line":370,"column":24},"end":{"line":370,"column":44}},"type":"default-arg","locations":[{"start":{"line":370,"column":39},"end":{"line":370,"column":44}}],"line":370},"28":{"loc":{"start":{"line":390,"column":2},"end":{"line":393,"column":3}},"type":"if","locations":[{"start":{"line":390,"column":2},"end":{"line":393,"column":3}},{"start":{},"end":{}}],"line":390},"29":{"loc":{"start":{"line":399,"column":2},"end":{"line":402,"column":3}},"type":"if","locations":[{"start":{"line":399,"column":2},"end":{"line":402,"column":3}},{"start":{},"end":{}}],"line":399},"30":{"loc":{"start":{"line":408,"column":2},"end":{"line":411,"column":3}},"type":"if","locations":[{"start":{"line":408,"column":2},"end":{"line":411,"column":3}},{"start":{},"end":{}}],"line":408},"31":{"loc":{"start":{"line":420,"column":2},"end":{"line":422,"column":3}},"type":"if","locations":[{"start":{"line":420,"column":2},"end":{"line":422,"column":3}},{"start":{},"end":{}}],"line":420},"32":{"loc":{"start":{"line":423,"column":2},"end":{"line":425,"column":3}},"type":"if","locations":[{"start":{"line":423,"column":2},"end":{"line":425,"column":3}},{"start":{},"end":{}}],"line":423},"33":{"loc":{"start":{"line":426,"column":2},"end":{"line":433,"column":3}},"type":"if","locations":[{"start":{"line":426,"column":2},"end":{"line":433,"column":3}},{"start":{"line":428,"column":9},"end":{"line":433,"column":3}}],"line":426},"34":{"loc":{"start":{"line":428,"column":9},"end":{"line":433,"column":3}},"type":"if","locations":[{"start":{"line":428,"column":9},"end":{"line":433,"column":3}},{"start":{},"end":{}}],"line":428},"35":{"loc":{"start":{"line":428,"column":13},"end":{"line":428,"column":75}},"type":"binary-expr","locations":[{"start":{"line":428,"column":13},"end":{"line":428,"column":42}},{"start":{"line":428,"column":46},"end":{"line":428,"column":75}}],"line":428},"36":{"loc":{"start":{"line":434,"column":2},"end":{"line":436,"column":3}},"type":"if","locations":[{"start":{"line":434,"column":2},"end":{"line":436,"column":3}},{"start":{},"end":{}}],"line":434},"37":{"loc":{"start":{"line":437,"column":2},"end":{"line":439,"column":3}},"type":"if","locations":[{"start":{"line":437,"column":2},"end":{"line":439,"column":3}},{"start":{},"end":{}}],"line":437},"38":{"loc":{"start":{"line":455,"column":11},"end":{"line":457,"column":34}},"type":"cond-expr","locations":[{"start":{"line":456,"column":8},"end":{"line":456,"column":48}},{"start":{"line":457,"column":8},"end":{"line":457,"column":34}}],"line":455},"39":{"loc":{"start":{"line":481,"column":6},"end":{"line":483,"column":40}},"type":"cond-expr","locations":[{"start":{"line":482,"column":11},"end":{"line":482,"column":40}},{"start":{"line":483,"column":11},"end":{"line":483,"column":39}}],"line":481},"40":{"loc":{"start":{"line":488,"column":2},"end":{"line":493,"column":3}},"type":"if","locations":[{"start":{"line":488,"column":2},"end":{"line":493,"column":3}},{"start":{},"end":{}}],"line":488},"41":{"loc":{"start":{"line":514,"column":16},"end":{"line":514,"column":54}},"type":"cond-expr","locations":[{"start":{"line":514,"column":40},"end":{"line":514,"column":49}},{"start":{"line":514,"column":52},"end":{"line":514,"column":54}}],"line":514},"42":{"loc":{"start":{"line":522,"column":12},"end":{"line":522,"column":47}},"type":"cond-expr","locations":[{"start":{"line":522,"column":36},"end":{"line":522,"column":38}},{"start":{"line":522,"column":41},"end":{"line":522,"column":47}}],"line":522},"43":{"loc":{"start":{"line":523,"column":15},"end":{"line":523,"column":77}},"type":"cond-expr","locations":[{"start":{"line":523,"column":36},"end":{"line":523,"column":55}},{"start":{"line":523,"column":58},"end":{"line":523,"column":77}}],"line":523},"44":{"loc":{"start":{"line":530,"column":2},"end":{"line":532,"column":3}},"type":"if","locations":[{"start":{"line":530,"column":2},"end":{"line":532,"column":3}},{"start":{},"end":{}}],"line":530},"45":{"loc":{"start":{"line":535,"column":2},"end":{"line":553,"column":3}},"type":"if","locations":[{"start":{"line":535,"column":2},"end":{"line":553,"column":3}},{"start":{},"end":{}}],"line":535},"46":{"loc":{"start":{"line":539,"column":36},"end":{"line":539,"column":59}},"type":"cond-expr","locations":[{"start":{"line":539,"column":47},"end":{"line":539,"column":52}},{"start":{"line":539,"column":55},"end":{"line":539,"column":59}}],"line":539},"47":{"loc":{"start":{"line":601,"column":2},"end":{"line":607,"column":3}},"type":"if","locations":[{"start":{"line":601,"column":2},"end":{"line":607,"column":3}},{"start":{},"end":{}}],"line":601},"48":{"loc":{"start":{"line":609,"column":2},"end":{"line":611,"column":3}},"type":"if","locations":[{"start":{"line":609,"column":2},"end":{"line":611,"column":3}},{"start":{},"end":{}}],"line":609}},"s":{"0":1,"1":0,"2":0,"3":0,"4":0,"5":0,"6":0,"7":0,"8":0,"9":0,"10":0,"11":0,"12":0,"13":0,"14":0,"15":0,"16":0,"17":0,"18":0,"19":0,"20":0,"21":0,"22":0,"23":0,"24":0,"25":1,"26":1,"27":1,"28":1,"29":0,"30":0,"31":1,"32":0,"33":0,"34":1,"35":1,"36":1,"37":0,"38":0,"39":0,"40":0,"41":0,"42":0,"43":0,"44":1,"45":0,"46":0,"47":0,"48":1,"49":1,"50":1,"51":1,"52":0,"53":1,"54":1,"55":0,"56":4,"57":4,"58":4,"59":4,"60":0,"61":1,"62":4,"63":1,"64":0,"65":0,"66":0,"67":0,"68":0,"69":0,"70":0,"71":0,"72":1,"73":0,"74":0,"75":1,"76":1,"77":0,"78":0,"79":0,"80":0,"81":0,"82":0,"83":0,"84":1,"85":0,"86":0,"87":0,"88":0,"89":0,"90":0,"91":0,"92":0,"93":0,"94":0,"95":0,"96":1,"97":0,"98":0,"99":0,"100":0,"101":0,"102":0,"103":0,"104":0,"105":0,"106":0,"107":0,"108":1,"109":1,"110":1,"111":1,"112":0,"113":0,"114":1,"115":0,"116":1,"117":0,"118":0,"119":0,"120":0,"121":0,"122":0,"123":0,"124":0,"125":0,"126":0,"127":0,"128":0,"129":0,"130":0,"131":0,"132":0,"133":0,"134":0,"135":0,"136":0,"137":1,"138":1,"139":1,"140":0,"141":2,"142":2,"143":0,"144":0,"145":0,"146":1,"147":1,"148":1,"149":0,"150":0,"151":0,"152":0,"153":1,"154":0,"155":0,"156":0,"157":0,"158":1,"159":0,"160":0,"161":0,"162":0,"163":1,"164":0,"165":0,"166":0,"167":0,"168":0,"169":0,"170":0,"171":0,"172":0,"173":0,"174":0,"175":0,"176":0,"177":0,"178":1,"179":0,"180":0,"181":0,"182":0,"183":0,"184":0,"185":0,"186":0,"187":0,"188":0,"189":0,"190":0,"191":0,"192":0,"193":0,"194":0,"195":1,"196":1,"197":1,"198":1,"199":1,"200":4,"201":1,"202":0,"203":1,"204":0,"205":0,"206":0,"207":0,"208":0,"209":0,"210":0,"211":0,"212":0,"213":0,"214":0,"215":0,"216":0,"217":1,"218":4,"219":1,"220":1,"221":0,"222":0,"223":0,"224":0,"225":0,"226":0,"227":0,"228":1},"f":{"0":0,"1":0,"2":0,"3":0,"4":0,"5":0,"6":0,"7":0,"8":0,"9":0,"10":0,"11":0,"12":0,"13":0,"14":0,"15":0,"16":0,"17":0,"18":0,"19":0,"20":0,"21":0,"22":0,"23":0,"24":1,"25":0,"26":0,"27":0,"28":4,"29":4,"30":0,"31":0,"32":0,"33":0,"34":0,"35":0,"36":0,"37":0,"38":0,"39":0,"40":0,"41":0,"42":0,"43":0,"44":2,"45":0,"46":0,"47":0,"48":0,"49":0,"50":0,"51":0,"52":0,"53":0,"54":0,"55":0,"56":0,"57":0,"58":0,"59":1,"60":4,"61":0,"62":0,"63":4,"64":0,"65":0},"b":{"0":[0,0],"1":[0,0],"2":[0,0],"3":[0,0],"4":[0,1],"5":[0,0],"6":[0,0],"7":[0,0],"8":[0,0],"9":[0,1],"10":[0,1],"11":[0,4],"12":[0,0],"13":[0,0],"14":[0,0],"15":[0,0],"16":[0,0],"17":[0,0],"18":[0,0],"19":[0,0],"20":[0,0],"21":[0,0],"22":[0,0],"23":[0,0],"24":[0,0],"25":[0,0],"26":[0,0],"27":[1],"28":[0,0],"29":[0,0],"30":[0,0],"31":[0,0],"32":[0,0],"33":[0,0],"34":[0,0],"35":[0,0],"36":[0,0],"37":[0,0],"38":[0,0],"39":[0,0],"40":[0,0],"41":[0,4],"42":[0,4],"43":[0,4],"44":[0,1],"45":[0,1],"46":[0,0],"47":[0,0],"48":[0,0]},"_coverageSchema":"1a1c01bbd47fc00a2c39e90264f33305004495a9","hash":"dac5fced5f65df4c63ce431bf2d2287ddd6c096d"}
,"C:\\Users\\jU\\Documents\\GitHub\\skilled-thermostat-debugger\\utils.js": {"path":"C:\\Users\\jU\\Documents\\GitHub\\skilled-thermostat-debugger\\utils.js","statementMap":{"0":{"start":{"line":8,"column":14},"end":{"line":8,"column":26}},"1":{"start":{"line":9,"column":2},"end":{"line":17,"column":4}},"2":{"start":{"line":11,"column":6},"end":{"line":11,"column":21}},"3":{"start":{"line":12,"column":6},"end":{"line":12,"column":19}},"4":{"start":{"line":15,"column":6},"end":{"line":15,"column":19}},"5":{"start":{"line":21,"column":2},"end":{"line":23,"column":3}},"6":{"start":{"line":22,"column":4},"end":{"line":22,"column":63}},"7":{"start":{"line":24,"column":2},"end":{"line":26,"column":3}},"8":{"start":{"line":25,"column":4},"end":{"line":25,"column":65}},"9":{"start":{"line":27,"column":2},"end":{"line":34,"column":3}},"10":{"start":{"line":28,"column":4},"end":{"line":28,"column":77}},"11":{"start":{"line":29,"column":9},"end":{"line":34,"column":3}},"12":{"start":{"line":30,"column":4},"end":{"line":33,"column":6}},"13":{"start":{"line":35,"column":2},"end":{"line":37,"column":3}},"14":{"start":{"line":36,"column":4},"end":{"line":36,"column":72}},"15":{"start":{"line":38,"column":2},"end":{"line":40,"column":3}},"16":{"start":{"line":39,"column":4},"end":{"line":39,"column":72}},"17":{"start":{"line":42,"column":2},"end":{"line":42,"column":72}},"18":{"start":{"line":46,"column":17},"end":{"line":46,"column":49}},"19":{"start":{"line":47,"column":2},"end":{"line":47,"column":27}},"20":{"start":{"line":48,"column":2},"end":{"line":48,"column":33}},"21":{"start":{"line":49,"column":2},"end":{"line":49,"column":33}},"22":{"start":{"line":52,"column":0},"end":{"line":56,"column":2}}},"fnMap":{"0":{"name":"stateOfElement","decl":{"start":{"line":7,"column":9},"end":{"line":7,"column":23}},"loc":{"start":{"line":7,"column":46},"end":{"line":18,"column":1}},"line":7},"1":{"name":"(anonymous_1)","decl":{"start":{"line":10,"column":12},"end":{"line":10,"column":13}},"loc":{"start":{"line":10,"column":24},"end":{"line":13,"column":5}},"line":10},"2":{"name":"(anonymous_2)","decl":{"start":{"line":14,"column":9},"end":{"line":14,"column":10}},"loc":{"start":{"line":14,"column":21},"end":{"line":16,"column":5}},"line":14},"3":{"name":"validateForm","decl":{"start":{"line":20,"column":9},"end":{"line":20,"column":21}},"loc":{"start":{"line":20,"column":39},"end":{"line":43,"column":1}},"line":20},"4":{"name":"addOption","decl":{"start":{"line":45,"column":9},"end":{"line":45,"column":18}},"loc":{"start":{"line":45,"column":25},"end":{"line":50,"column":1}},"line":45}},"branchMap":{"0":{"loc":{"start":{"line":7,"column":24},"end":{"line":7,"column":44}},"type":"default-arg","locations":[{"start":{"line":7,"column":39},"end":{"line":7,"column":44}}],"line":7},"1":{"loc":{"start":{"line":21,"column":2},"end":{"line":23,"column":3}},"type":"if","locations":[{"start":{"line":21,"column":2},"end":{"line":23,"column":3}},{"start":{},"end":{}}],"line":21},"2":{"loc":{"start":{"line":24,"column":2},"end":{"line":26,"column":3}},"type":"if","locations":[{"start":{"line":24,"column":2},"end":{"line":26,"column":3}},{"start":{},"end":{}}],"line":24},"3":{"loc":{"start":{"line":27,"column":2},"end":{"line":34,"column":3}},"type":"if","locations":[{"start":{"line":27,"column":2},"end":{"line":34,"column":3}},{"start":{"line":29,"column":9},"end":{"line":34,"column":3}}],"line":27},"4":{"loc":{"start":{"line":29,"column":9},"end":{"line":34,"column":3}},"type":"if","locations":[{"start":{"line":29,"column":9},"end":{"line":34,"column":3}},{"start":{},"end":{}}],"line":29},"5":{"loc":{"start":{"line":29,"column":13},"end":{"line":29,"column":75}},"type":"binary-expr","locations":[{"start":{"line":29,"column":13},"end":{"line":29,"column":42}},{"start":{"line":29,"column":46},"end":{"line":29,"column":75}}],"line":29},"6":{"loc":{"start":{"line":35,"column":2},"end":{"line":37,"column":3}},"type":"if","locations":[{"start":{"line":35,"column":2},"end":{"line":37,"column":3}},{"start":{},"end":{}}],"line":35},"7":{"loc":{"start":{"line":38,"column":2},"end":{"line":40,"column":3}},"type":"if","locations":[{"start":{"line":38,"column":2},"end":{"line":40,"column":3}},{"start":{},"end":{}}],"line":38}},"s":{"0":1,"1":1,"2":1,"3":1,"4":1,"5":2,"6":1,"7":1,"8":0,"9":1,"10":0,"11":1,"12":0,"13":1,"14":0,"15":1,"16":0,"17":1,"18":1,"19":1,"20":1,"21":1,"22":1},"f":{"0":1,"1":1,"2":1,"3":2,"4":1},"b":{"0":[0],"1":[1,1],"2":[0,1],"3":[0,1],"4":[0,1],"5":[1,1],"6":[0,1],"7":[0,1]},"_coverageSchema":"1a1c01bbd47fc00a2c39e90264f33305004495a9","hash":"84f9beb6ce0b7e87df5253634e7bc815bd1094b0"}
}
