TN:
SF:main.js
FN:13,(anonymous_0)
FN:17,(anonymous_1)
FN:21,(anonymous_2)
FN:25,(anonymous_3)
FN:29,(anonymous_4)
FN:32,(anonymous_5)
FN:48,(anonymous_6)
FN:52,(anonymous_7)
FN:56,(anonymous_8)
FN:60,(anonymous_9)
FN:64,(anonymous_10)
FN:67,(anonymous_11)
FN:83,(anonymous_12)
FN:87,(anonymous_13)
FN:91,(anonymous_14)
FN:95,(anonymous_15)
FN:99,(anonymous_16)
FN:102,(anonymous_17)
FN:118,(anonymous_18)
FN:122,(anonymous_19)
FN:126,(anonymous_20)
FN:130,(anonymous_21)
FN:134,(anonymous_22)
FN:137,(anonymous_23)
FN:153,(anonymous_24)
FN:165,(anonymous_25)
FN:176,(anonymous_26)
FN:189,(anonymous_27)
FN:215,addOption
FN:223,(anonymous_29)
FN:229,(anonymous_30)
FN:230,(anonymous_31)
FN:247,(anonymous_32)
FN:255,(anonymous_33)
FN:256,(anonymous_34)
FN:267,(anonymous_35)
FN:268,(anonymous_36)
FN:287,(anonymous_37)
FN:288,(anonymous_38)
FN:313,(anonymous_39)
FN:320,(anonymous_40)
FN:325,(anonymous_41)
FN:344,(anonymous_42)
FN:365,(anonymous_43)
FN:370,stateOfElement
FN:373,(anonymous_45)
FN:377,(anonymous_46)
FN:387,(anonymous_47)
FN:397,(anonymous_48)
FN:406,(anonymous_49)
FN:414,(anonymous_50)
FN:419,validateForm
FN:445,(anonymous_52)
FN:461,(anonymous_53)
FN:465,(anonymous_54)
FN:469,(anonymous_55)
FN:473,(anonymous_56)
FN:477,(anonymous_57)
FN:480,(anonymous_58)
FN:503,(anonymous_59)
FN:507,(anonymous_60)
FN:546,(anonymous_61)
FN:547,(anonymous_62)
FN:555,(anonymous_63)
FN:600,(anonymous_64)
FN:603,(anonymous_65)
FNF:66
FNH:7
FNDA:0,(anonymous_0)
FNDA:0,(anonymous_1)
FNDA:0,(anonymous_2)
FNDA:0,(anonymous_3)
FNDA:0,(anonymous_4)
FNDA:0,(anonymous_5)
FNDA:0,(anonymous_6)
FNDA:0,(anonymous_7)
FNDA:0,(anonymous_8)
FNDA:0,(anonymous_9)
FNDA:0,(anonymous_10)
FNDA:0,(anonymous_11)
FNDA:0,(anonymous_12)
FNDA:0,(anonymous_13)
FNDA:0,(anonymous_14)
FNDA:0,(anonymous_15)
FNDA:0,(anonymous_16)
FNDA:0,(anonymous_17)
FNDA:0,(anonymous_18)
FNDA:0,(anonymous_19)
FNDA:0,(anonymous_20)
FNDA:0,(anonymous_21)
FNDA:0,(anonymous_22)
FNDA:0,(anonymous_23)
FNDA:1,(anonymous_24)
FNDA:0,(anonymous_25)
FNDA:0,(anonymous_26)
FNDA:0,(anonymous_27)
FNDA:4,addOption
FNDA:4,(anonymous_29)
FNDA:0,(anonymous_30)
FNDA:0,(anonymous_31)
FNDA:0,(anonymous_32)
FNDA:0,(anonymous_33)
FNDA:0,(anonymous_34)
FNDA:0,(anonymous_35)
FNDA:0,(anonymous_36)
FNDA:0,(anonymous_37)
FNDA:0,(anonymous_38)
FNDA:0,(anonymous_39)
FNDA:0,(anonymous_40)
FNDA:0,(anonymous_41)
FNDA:0,(anonymous_42)
FNDA:0,(anonymous_43)
FNDA:2,stateOfElement
FNDA:0,(anonymous_45)
FNDA:0,(anonymous_46)
FNDA:0,(anonymous_47)
FNDA:0,(anonymous_48)
FNDA:0,(anonymous_49)
FNDA:0,(anonymous_50)
FNDA:0,validateForm
FNDA:0,(anonymous_52)
FNDA:0,(anonymous_53)
FNDA:0,(anonymous_54)
FNDA:0,(anonymous_55)
FNDA:0,(anonymous_56)
FNDA:0,(anonymous_57)
FNDA:0,(anonymous_58)
FNDA:1,(anonymous_59)
FNDA:4,(anonymous_60)
FNDA:0,(anonymous_61)
FNDA:0,(anonymous_62)
FNDA:4,(anonymous_63)
FNDA:0,(anonymous_64)
FNDA:0,(anonymous_65)
DA:2,1
DA:14,0
DA:18,0
DA:22,0
DA:26,0
DA:30,0
DA:33,0
DA:49,0
DA:53,0
DA:57,0
DA:61,0
DA:65,0
DA:68,0
DA:84,0
DA:88,0
DA:92,0
DA:96,0
DA:100,0
DA:103,0
DA:119,0
DA:123,0
DA:127,0
DA:131,0
DA:135,0
DA:138,0
DA:145,1
DA:151,1
DA:153,1
DA:154,1
DA:155,0
DA:159,0
DA:165,1
DA:166,0
DA:167,0
DA:174,1
DA:175,1
DA:176,1
DA:177,0
DA:178,0
DA:180,0
DA:181,0
DA:183,0
DA:184,0
DA:186,0
DA:189,1
DA:190,0
DA:191,0
DA:192,0
DA:197,1
DA:199,1
DA:201,1
DA:204,1
DA:205,0
DA:208,1
DA:210,1
DA:211,0
DA:216,4
DA:217,4
DA:218,4
DA:219,4
DA:220,0
DA:223,1
DA:224,4
DA:229,1
DA:230,0
DA:231,0
DA:234,0
DA:235,0
DA:239,0
DA:242,0
DA:244,0
DA:247,1
DA:248,0
DA:250,0
DA:254,1
DA:255,1
DA:256,0
DA:257,0
DA:258,0
DA:259,0
DA:261,0
DA:262,0
DA:267,1
DA:268,0
DA:271,0
DA:272,0
DA:274,0
DA:275,0
DA:277,0
DA:279,0
DA:281,0
DA:282,0
DA:284,0
DA:287,1
DA:288,0
DA:291,0
DA:292,0
DA:295,0
DA:296,0
DA:298,0
DA:300,0
DA:302,0
DA:303,0
DA:305,0
DA:308,1
DA:309,1
DA:311,1
DA:313,1
DA:314,0
DA:315,0
DA:320,1
DA:321,0
DA:325,1
DA:326,0
DA:327,0
DA:328,0
DA:330,0
DA:332,0
DA:333,0
DA:334,0
DA:337,0
DA:338,0
DA:339,0
DA:344,0
DA:346,0
DA:347,0
DA:348,0
DA:351,0
DA:352,0
DA:353,0
DA:355,0
DA:356,0
DA:363,1
DA:364,1
DA:365,1
DA:366,0
DA:371,2
DA:372,2
DA:374,0
DA:375,0
DA:378,0
DA:383,1
DA:384,1
DA:387,1
DA:388,0
DA:390,0
DA:391,0
DA:392,0
DA:397,1
DA:398,0
DA:399,0
DA:400,0
DA:401,0
DA:406,1
DA:407,0
DA:408,0
DA:409,0
DA:410,0
DA:414,1
DA:415,0
DA:420,0
DA:421,0
DA:423,0
DA:424,0
DA:426,0
DA:427,0
DA:428,0
DA:429,0
DA:434,0
DA:435,0
DA:437,0
DA:438,0
DA:441,0
DA:445,1
DA:446,0
DA:447,0
DA:449,0
DA:462,0
DA:466,0
DA:470,0
DA:474,0
DA:478,0
DA:481,0
DA:487,0
DA:488,0
DA:489,0
DA:490,0
DA:491,0
DA:492,0
DA:494,0
DA:500,1
DA:503,1
DA:504,1
DA:505,1
DA:507,1
DA:508,4
DA:530,1
DA:531,0
DA:535,1
DA:536,0
DA:537,0
DA:538,0
DA:539,0
DA:540,0
DA:541,0
DA:543,0
DA:544,0
DA:546,0
DA:547,0
DA:548,0
DA:550,0
DA:551,0
DA:555,1
DA:556,4
DA:598,1
DA:600,1
DA:601,0
DA:602,0
DA:603,0
DA:605,0
DA:606,0
DA:609,0
DA:610,0
DA:613,1
LF:224
LH:59
BRDA:33,0,0,0
BRDA:33,0,1,0
BRDA:68,1,0,0
BRDA:68,1,1,0
BRDA:103,2,0,0
BRDA:103,2,1,0
BRDA:138,3,0,0
BRDA:138,3,1,0
BRDA:154,4,0,0
BRDA:154,4,1,1
BRDA:160,5,0,0
BRDA:160,5,1,0
BRDA:166,6,0,0
BRDA:166,6,1,0
BRDA:168,7,0,0
BRDA:168,7,1,0
BRDA:191,8,0,0
BRDA:191,8,1,0
BRDA:204,9,0,0
BRDA:204,9,1,1
BRDA:210,10,0,0
BRDA:210,10,1,1
BRDA:219,11,0,0
BRDA:219,11,1,4
BRDA:234,12,0,0
BRDA:234,12,1,0
BRDA:257,13,0,0
BRDA:257,13,1,0
BRDA:271,14,0,0
BRDA:271,14,1,0
BRDA:291,15,0,0
BRDA:291,15,1,0
BRDA:314,16,0,0
BRDA:314,16,1,0
BRDA:330,17,0,0
BRDA:330,17,1,0
BRDA:330,18,0,0
BRDA:330,18,1,0
BRDA:332,19,0,0
BRDA:332,19,1,0
BRDA:332,20,0,0
BRDA:332,20,1,0
BRDA:337,21,0,0
BRDA:337,21,1,0
BRDA:337,22,0,0
BRDA:337,22,1,0
BRDA:346,23,0,0
BRDA:346,23,1,0
BRDA:346,24,0,0
BRDA:346,24,1,0
BRDA:351,25,0,0
BRDA:351,25,1,0
BRDA:351,26,0,0
BRDA:351,26,1,0
BRDA:370,27,0,1
BRDA:390,28,0,0
BRDA:390,28,1,0
BRDA:399,29,0,0
BRDA:399,29,1,0
BRDA:408,30,0,0
BRDA:408,30,1,0
BRDA:420,31,0,0
BRDA:420,31,1,0
BRDA:423,32,0,0
BRDA:423,32,1,0
BRDA:426,33,0,0
BRDA:426,33,1,0
BRDA:428,34,0,0
BRDA:428,34,1,0
BRDA:428,35,0,0
BRDA:428,35,1,0
BRDA:434,36,0,0
BRDA:434,36,1,0
BRDA:437,37,0,0
BRDA:437,37,1,0
BRDA:455,38,0,0
BRDA:455,38,1,0
BRDA:481,39,0,0
BRDA:481,39,1,0
BRDA:488,40,0,0
BRDA:488,40,1,0
BRDA:514,41,0,0
BRDA:514,41,1,4
BRDA:522,42,0,0
BRDA:522,42,1,4
BRDA:523,43,0,0
BRDA:523,43,1,4
BRDA:530,44,0,0
BRDA:530,44,1,1
BRDA:535,45,0,0
BRDA:535,45,1,1
BRDA:539,46,0,0
BRDA:539,46,1,0
BRDA:601,47,0,0
BRDA:601,47,1,0
BRDA:609,48,0,0
BRDA:609,48,1,0
BRF:97
BRH:10
end_of_record
TN:
SF:utils.js
FN:7,stateOfElement
FN:10,(anonymous_1)
FN:14,(anonymous_2)
FN:20,validateForm
FN:45,addOption
FNF:5
FNH:5
FNDA:1,stateOfElement
FNDA:1,(anonymous_1)
FNDA:1,(anonymous_2)
FNDA:2,validateForm
FNDA:1,addOption
DA:8,1
DA:9,1
DA:11,1
DA:12,1
DA:15,1
DA:21,2
DA:22,1
DA:24,1
DA:25,0
DA:27,1
DA:28,0
DA:29,1
DA:30,0
DA:35,1
DA:36,0
DA:38,1
DA:39,0
DA:42,1
DA:46,1
DA:47,1
DA:48,1
DA:49,1
DA:52,1
LF:23
LH:18
BRDA:7,0,0,0
BRDA:21,1,0,1
BRDA:21,1,1,1
BRDA:24,2,0,0
BRDA:24,2,1,1
BRDA:27,3,0,0
BRDA:27,3,1,1
BRDA:29,4,0,0
BRDA:29,4,1,1
BRDA:29,5,0,1
BRDA:29,5,1,1
BRDA:35,6,0,0
BRDA:35,6,1,1
BRDA:38,7,0,0
BRDA:38,7,1,1
BRF:15
BRH:9
end_of_record
