TN:
SF:utils.js
FN:1,(anonymous_0)
FN:13,(anonymous_1)
FN:22,addOption
FN:33,(anonymous_3)
FN:47,(anonymous_4)
FN:55,stateOfElement
FN:58,(anonymous_6)
FN:62,(anonymous_7)
FN:68,validateForm
FN:93,showHideModal
FN:106,addListenerToSaveButton
FN:107,(anonymous_11)
FN:125,(anonymous_12)
FN:142,addListenerToFileInput
FN:145,(anonymous_14)
FNF:15
FNH:14
FNDA:1,(anonymous_0)
FNDA:0,(anonymous_1)
FNDA:1,addOption
FNDA:2,(anonymous_3)
FNDA:1,(anonymous_4)
FNDA:1,stateOfElement
FNDA:1,(anonymous_6)
FNDA:1,(anonymous_7)
FNDA:2,validateForm
FNDA:2,showHideModal
FNDA:2,addListenerToSaveButton
FNDA:2,(anonymous_11)
FNDA:2,(anonymous_12)
FNDA:1,addListenerToFileInput
FNDA:1,(anonymous_14)
DA:1,1
DA:2,1
DA:3,1
DA:7,1
DA:13,1
DA:14,0
DA:15,0
DA:16,0
DA:23,1
DA:24,1
DA:25,1
DA:26,1
DA:28,1
DA:29,1
DA:33,1
DA:34,2
DA:35,2
DA:36,2
DA:38,2
DA:39,2
DA:41,2
DA:42,2
DA:44,2
DA:47,1
DA:48,1
DA:49,1
DA:50,1
DA:51,1
DA:56,1
DA:57,1
DA:59,1
DA:60,1
DA:63,1
DA:69,2
DA:70,1
DA:72,1
DA:73,0
DA:75,1
DA:76,0
DA:77,1
DA:78,0
DA:83,1
DA:84,0
DA:86,1
DA:87,0
DA:90,1
DA:94,2
DA:95,2
DA:96,2
DA:97,1
DA:98,1
DA:100,1
DA:101,1
DA:107,2
DA:108,2
DA:109,2
DA:110,2
DA:112,2
DA:114,2
DA:115,1
DA:116,1
DA:119,2
DA:120,0
DA:121,0
DA:125,2
DA:127,2
DA:128,0
DA:129,0
DA:132,2
DA:133,2
DA:134,2
DA:136,2
DA:137,2
DA:143,1
DA:144,1
DA:145,1
DA:146,1
DA:150,1
LF:78
LH:66
BRDA:2,0,0,1
BRDA:2,0,1,0
BRDA:8,1,0,0
BRDA:8,1,1,1
BRDA:14,2,0,0
BRDA:14,2,1,0
BRDA:15,3,0,0
BRDA:15,3,1,0
BRDA:28,4,0,1
BRDA:28,4,1,0
BRDA:50,5,0,1
BRDA:50,5,1,0
BRDA:55,6,0,0
BRDA:69,7,0,1
BRDA:69,7,1,1
BRDA:72,8,0,0
BRDA:72,8,1,1
BRDA:75,9,0,0
BRDA:75,9,1,1
BRDA:77,10,0,0
BRDA:77,10,1,1
BRDA:77,11,0,1
BRDA:77,11,1,1
BRDA:83,12,0,0
BRDA:83,12,1,1
BRDA:86,13,0,0
BRDA:86,13,1,1
BRDA:95,14,0,2
BRDA:95,14,1,0
BRDA:96,15,0,1
BRDA:96,15,1,1
BRDA:112,16,0,2
BRDA:112,16,1,0
BRDA:112,17,0,2
BRDA:112,17,1,2
BRDA:114,18,0,1
BRDA:114,18,1,1
BRDA:114,19,0,2
BRDA:114,19,1,1
BRDA:119,20,0,0
BRDA:119,20,1,2
BRDA:119,21,0,2
BRDA:119,21,1,2
BRDA:127,22,0,0
BRDA:127,22,1,2
BRDA:127,23,0,2
BRDA:127,23,1,1
BRDA:132,24,0,2
BRDA:132,24,1,0
BRDA:132,25,0,2
BRDA:132,25,1,2
BRF:51
BRH:32
end_of_record
